<?xml version="1.0" encoding="UTF-8"?>
<!-- Generated by org.testng.reporters.JUnitReportReporter -->
<testsuite hostname="DESKTOP-PVI0MP1" name="Tests.WalkthroughTest" tests="1" failures="0" timestamp="15 Jun 2020 20:41:52 GMT" time="24.290" errors="0">
  <testcase name="runScenario" time="24.290" classname="Tests.WalkthroughTest"/>
</testsuite> <!-- Tests.WalkthroughTest -->
