<?xml version="1.0" encoding="UTF-8"?>
<!-- Generated by org.testng.reporters.JUnitReportReporter -->
<testsuite hostname="DESKTOP-PVI0MP1" name="Tests.WalkthroughTest" tests="1" failures="0" timestamp="8 Apr 2020 01:27:09 GMT" time="11.118" errors="0">
  <testcase name="runScenario" time="11.118" classname="Tests.WalkthroughTest"/>
</testsuite> <!-- Tests.WalkthroughTest -->
