<?xml version="1.0" encoding="UTF-8"?>
<!-- Generated by org.testng.reporters.JUnitReportReporter -->
<testsuite hostname="DESKTOP-PVI0MP1" name="Tests.WalkthroughTest" tests="1" failures="0" timestamp="7 Apr 2020 23:25:34 GMT" time="11.027" errors="0">
  <testcase name="runScenario" time="11.027" classname="Tests.WalkthroughTest"/>
</testsuite> <!-- Tests.WalkthroughTest -->
